<?xml version="1.0" encoding="UTF-8"?>
<!-- Generated by org.testng.reporters.JUnitXMLReporter -->
<testsuite ignored="0" hostname="MacBook-Air-Admine.local" failures="2" tests="5" name="Test" time="45.545" errors="0" timestamp="2025-09-05T00:22:29 IST">
  <testcase classname="testCases.TC005_Editaccountinfo" name="verify_Checkout" time="4.848"/>
  <testcase classname="testCases.TC005_Editaccountinfo" name="verify_Checkout" time="11.816">
    <failure type="java.lang.AssertionError" message="expected [true] but found [false]">
      <![CDATA[java.lang.AssertionError: expected [true] but found [false]
at testCases.TC005_Editaccountinfo.verify_Checkout(TC005_Editaccountinfo.java:51)
at java.base/java.util.ArrayList.forEach(ArrayList.java:1596)
... Removed 29 stack frames]]>
    </failure>
  </testcase> <!-- verify_Checkout -->
  <testcase classname="testCases.TC005_Editaccountinfo" name="verify_Checkout" time="11.364">
    <failure type="java.lang.AssertionError" message="expected [true] but found [false]">
      <![CDATA[java.lang.AssertionError: expected [true] but found [false]
at testCases.TC005_Editaccountinfo.verify_Checkout(TC005_Editaccountinfo.java:51)
at java.base/java.util.ArrayList.forEach(ArrayList.java:1596)
... Removed 29 stack frames]]>
    </failure>
  </testcase> <!-- verify_Checkout -->
  <testcase classname="testCases.TC005_Editaccountinfo" name="verify_Checkout" time="4.241"/>
  <testcase classname="testCases.TC005_Editaccountinfo" name="verify_Checkout" time="4.393"/>
</testsuite> <!-- Test -->
